# JRE version: Java(TM) SE Runtime Environment (23.0.2+7) (build 23.0.2+7-58)
# Java VM: Java HotSpot(TM) 64-Bit Server VM (23.0.2+7-58, mixed mode, sharing, tiered, compressed oops, compressed class ptrs, g1 gc, windows-amd64)
GC Precious Log:
 CardTable entry size: 512
 Card Set container configuration: InlinePtr #cards 4 size 8 Array Of Cards #cards 16 size 48 Howl #buckets 8 coarsen threshold 3686 Howl Bitmap #cards 512 size 80 coarsen threshold 460 Card regions per heap region 1 cards per card region 4096
 CPUs: 8 total, 8 available
 Memory: 16167M
 Large Page Support: Disabled
 NUMA Support: Disabled
 Compressed Oops: Enabled (Zero based)
 Heap Region Size: 2M
 Heap Min Capacity: 8M
 Heap Initial Capacity: 254M
 Heap Max Capacity: 4042M
 Pre-touch: Disabled
 Parallel Workers: 8
 Concurrent Workers: 2
 Concurrent Refinement Workers: 8
 Periodic GC: Disabled
Heap:
 garbage-first heap   total reserved 4139008K, committed 262144K, used 81701K [0x0000000703600000, 0x0000000800000000)
  region size 2048K, 6 young (12288K), 1 survivors (2048K)
 Metaspace       used 34144K, committed 34688K, reserved 1114112K
  class space    used 3973K, committed 4224K, reserved 1048576K
GC Heap History (20 events):
Event: 10.659 GC heap before
{Heap before GC invocations=4 (full 0):
 garbage-first heap   total reserved 4139008K, committed 260096K, used 116877K [0x0000000703600000, 0x0000000800000000)
  region size 2048K, 51 young (104448K), 2 survivors (4096K)
 Metaspace       used 16541K, committed 16832K, reserved 1114112K
  class space    used 1931K, committed 2048K, reserved 1048576K
}
Event: 10.662 GC heap after
{Heap after GC invocations=5 (full 0):
 garbage-first heap   total reserved 4139008K, committed 260096K, used 17233K [0x0000000703600000, 0x0000000800000000)
  region size 2048K, 3 young (6144K), 3 survivors (6144K)
 Metaspace       used 16541K, committed 16832K, reserved 1114112K
  class space    used 1931K, committed 2048K, reserved 1048576K
}
Event: 12.061 GC heap before
{Heap before GC invocations=5 (full 0):
 garbage-first heap   total reserved 4139008K, committed 260096K, used 78673K [0x0000000703600000, 0x0000000800000000)
  region size 2048K, 32 young (65536K), 3 survivors (6144K)
 Metaspace       used 21195K, committed 21504K, reserved 1114112K
  class space    used 2520K, committed 2688K, reserved 1048576K
}
Event: 12.068 GC heap after
{Heap after GC invocations=6 (full 0):
 garbage-first heap   total reserved 4139008K, committed 260096K, used 27067K [0x0000000703600000, 0x0000000800000000)
  region size 2048K, 6 young (12288K), 6 survivors (12288K)
 Metaspace       used 21195K, committed 21504K, reserved 1114112K
  class space    used 2520K, committed 2688K, reserved 1048576K
}
Event: 13.357 GC heap before
{Heap before GC invocations=7 (full 0):
 garbage-first heap   total reserved 4139008K, committed 102400K, used 98747K [0x0000000703600000, 0x0000000800000000)
  region size 2048K, 41 young (83968K), 6 survivors (12288K)
 Metaspace       used 27763K, committed 28224K, reserved 1114112K
  class space    used 3255K, committed 3456K, reserved 1048576K
}
Event: 13.378 GC heap after
{Heap after GC invocations=8 (full 0):
 garbage-first heap   total reserved 4139008K, committed 131072K, used 42692K [0x0000000703600000, 0x0000000800000000)
  region size 2048K, 10 young (20480K), 10 survivors (20480K)
 Metaspace       used 27763K, committed 28224K, reserved 1114112K
  class space    used 3255K, committed 3456K, reserved 1048576K
}
Event: 14.227 GC heap before
{Heap before GC invocations=8 (full 0):
 garbage-first heap   total reserved 4139008K, committed 131072K, used 95940K [0x0000000703600000, 0x0000000800000000)
  region size 2048K, 37 young (75776K), 10 survivors (20480K)
 Metaspace       used 30783K, committed 31360K, reserved 1114112K
  class space    used 3647K, committed 3904K, reserved 1048576K
}
Event: 14.249 GC heap after
{Heap after GC invocations=9 (full 0):
 garbage-first heap   total reserved 4139008K, committed 131072K, used 46221K [0x0000000703600000, 0x0000000800000000)
  region size 2048K, 2 young (4096K), 2 survivors (4096K)
 Metaspace       used 30783K, committed 31360K, reserved 1114112K
  class space    used 3647K, committed 3904K, reserved 1048576K
}
Event: 15.036 GC heap before
{Heap before GC invocations=9 (full 0):
 garbage-first heap   total reserved 4139008K, committed 131072K, used 105613K [0x0000000703600000, 0x0000000800000000)
  region size 2048K, 30 young (61440K), 2 survivors (4096K)
 Metaspace       used 31555K, committed 32128K, reserved 1114112K
  class space    used 3719K, committed 3968K, reserved 1048576K
}
Event: 15.050 GC heap after
{Heap after GC invocations=10 (full 0):
 garbage-first heap   total reserved 4139008K, committed 131072K, used 61581K [0x0000000703600000, 0x0000000800000000)
  region size 2048K, 4 young (8192K), 4 survivors (8192K)
 Metaspace       used 31555K, committed 32128K, reserved 1114112K
  class space    used 3719K, committed 3968K, reserved 1048576K
}
Event: 15.718 GC heap before
{Heap before GC invocations=10 (full 0):
 garbage-first heap   total reserved 4139008K, committed 131072K, used 104589K [0x0000000703600000, 0x0000000800000000)
  region size 2048K, 25 young (51200K), 4 survivors (8192K)
 Metaspace       used 32571K, committed 33152K, reserved 1114112K
  class space    used 3842K, committed 4096K, reserved 1048576K
}
Event: 16.743 GC heap after
{Heap after GC invocations=11 (full 0):
 garbage-first heap   total reserved 4139008K, committed 262144K, used 71374K [0x0000000703600000, 0x0000000800000000)
  region size 2048K, 4 young (8192K), 4 survivors (8192K)
 Metaspace       used 32571K, committed 33152K, reserved 1114112K
  class space    used 3842K, committed 4096K, reserved 1048576K
}
Event: 16.788 GC heap before
{Heap before GC invocations=11 (full 0):
 garbage-first heap   total reserved 4139008K, committed 262144K, used 73422K [0x0000000703600000, 0x0000000800000000)
  region size 2048K, 6 young (12288K), 4 survivors (8192K)
 Metaspace       used 32783K, committed 33344K, reserved 1114112K
  class space    used 3864K, committed 4096K, reserved 1048576K
}
Event: 16.791 GC heap after
{Heap after GC invocations=12 (full 0):
 garbage-first heap   total reserved 4139008K, committed 262144K, used 72663K [0x0000000703600000, 0x0000000800000000)
  region size 2048K, 1 young (2048K), 1 survivors (2048K)
 Metaspace       used 32783K, committed 33344K, reserved 1114112K
  class space    used 3864K, committed 4096K, reserved 1048576K
}
Event: 17.015 GC heap before
{Heap before GC invocations=12 (full 0):
 garbage-first heap   total reserved 4139008K, committed 262144K, used 82903K [0x0000000703600000, 0x0000000800000000)
  region size 2048K, 6 young (12288K), 1 survivors (2048K)
 Metaspace       used 32967K, committed 33536K, reserved 1114112K
  class space    used 3890K, committed 4160K, reserved 1048576K
}
Event: 17.016 GC heap after
{Heap after GC invocations=13 (full 0):
 garbage-first heap   total reserved 4139008K, committed 262144K, used 72104K [0x0000000703600000, 0x0000000800000000)
  region size 2048K, 1 young (2048K), 1 survivors (2048K)
 Metaspace       used 32967K, committed 33536K, reserved 1114112K
  class space    used 3890K, committed 4160K, reserved 1048576K
}
Event: 17.184 GC heap before
{Heap before GC invocations=13 (full 0):
 garbage-first heap   total reserved 4139008K, committed 262144K, used 80296K [0x0000000703600000, 0x0000000800000000)
  region size 2048K, 6 young (12288K), 1 survivors (2048K)
 Metaspace       used 33444K, committed 34048K, reserved 1114112K
  class space    used 3935K, committed 4224K, reserved 1048576K
}
Event: 17.186 GC heap after
{Heap after GC invocations=14 (full 0):
 garbage-first heap   total reserved 4139008K, committed 262144K, used 72608K [0x0000000703600000, 0x0000000800000000)
  region size 2048K, 1 young (2048K), 1 survivors (2048K)
 Metaspace       used 33444K, committed 34048K, reserved 1114112K
  class space    used 3935K, committed 4224K, reserved 1048576K
}
Event: 17.297 GC heap before
{Heap before GC invocations=14 (full 0):
 garbage-first heap   total reserved 4139008K, committed 262144K, used 80800K [0x0000000703600000, 0x0000000800000000)
  region size 2048K, 6 young (12288K), 1 survivors (2048K)
 Metaspace       used 34078K, committed 34624K, reserved 1114112K
  class space    used 3970K, committed 4224K, reserved 1048576K
}
Event: 17.299 GC heap after
{Heap after GC invocations=15 (full 0):
 garbage-first heap   total reserved 4139008K, committed 262144K, used 73509K [0x0000000703600000, 0x0000000800000000)
  region size 2048K, 1 young (2048K), 1 survivors (2048K)
 Metaspace       used 34078K, committed 34624K, reserved 1114112K
  class space    used 3970K, committed 4224K, reserved 1048576K
}

